2014-01-15 16:29:16 - LOGGER: Logging initialized.
2014-01-15 16:29:16 - AUTH: auth initialized.
2014-01-15 16:29:17 - USERDB: userdb initialized.
2014-01-15 16:29:17 - USERCOMP: usercomp initialized.
2014-01-15 16:29:17 - PARSER: messageparser initialized.
2014-01-15 16:51:22 - LOGGER: Logging initialized.
2014-01-15 16:51:22 - AUTH: auth initialized.
2014-01-15 16:51:23 - USERDB: userdb initialized.
2014-01-15 16:51:23 - USERCOMP: usercomp initialized.
2014-01-15 16:51:23 - PARSER: messageparser initialized.
2014-01-15 16:51:32 - LOGGER: Logging initialized.
2014-01-15 16:51:32 - AUTH: auth initialized.
2014-01-15 16:51:32 - USERDB: userdb initialized.
2014-01-15 16:51:32 - USERCOMP: usercomp initialized.
2014-01-15 16:51:32 - PARSER: messageparser initialized.
2014-01-15 16:53:10 - LOGGER: Logging initialized.
2014-01-15 16:53:10 - AUTH: auth initialized.
2014-01-15 16:53:10 - USERDB: userdb initialized.
2014-01-15 16:53:10 - USERCOMP: usercomp initialized.
2014-01-15 16:53:10 - PARSER: messageparser initialized.
2014-01-15 16:53:21 - LOGGER: Logging initialized.
2014-01-15 16:53:21 - AUTH: auth initialized.
2014-01-15 16:53:21 - USERDB: userdb initialized.
2014-01-15 16:53:21 - USERCOMP: usercomp initialized.
2014-01-15 16:53:21 - PARSER: messageparser initialized.
2014-01-15 16:53:45 - LOGGER: Logging initialized.
2014-01-15 16:53:45 - AUTH: auth initialized.
2014-01-15 16:53:45 - USERDB: userdb initialized.
2014-01-15 16:53:45 - USERCOMP: usercomp initialized.
2014-01-15 16:53:45 - PARSER: messageparser initialized.
2014-01-15 16:54:03 - LOGGER: Logging initialized.
2014-01-15 16:54:03 - AUTH: auth initialized.
2014-01-15 16:54:03 - USERDB: userdb initialized.
2014-01-15 16:54:03 - USERCOMP: usercomp initialized.
2014-01-15 16:54:03 - PARSER: messageparser initialized.
2014-01-15 16:54:19 - LOGGER: Logging initialized.
2014-01-15 16:54:19 - AUTH: auth initialized.
2014-01-15 16:54:19 - USERDB: userdb initialized.
2014-01-15 16:54:19 - USERCOMP: usercomp initialized.
2014-01-15 16:54:19 - PARSER: messageparser initialized.
2014-01-15 16:54:38 - LOGGER: Logging initialized.
2014-01-15 16:54:38 - AUTH: auth initialized.
2014-01-15 16:54:38 - USERDB: userdb initialized.
2014-01-15 16:54:38 - USERCOMP: usercomp initialized.
2014-01-15 16:54:38 - PARSER: messageparser initialized.
2014-01-15 16:55:09 - LOGGER: Logging initialized.
2014-01-15 16:55:09 - AUTH: auth initialized.
2014-01-15 16:55:09 - USERDB: userdb initialized.
2014-01-15 16:55:09 - USERCOMP: usercomp initialized.
2014-01-15 16:55:09 - PARSER: messageparser initialized.
2014-01-15 16:56:07 - LOGGER: Logging initialized.
2014-01-15 16:56:07 - AUTH: auth initialized.
2014-01-15 16:56:07 - USERDB: userdb initialized.
2014-01-15 16:56:07 - USERCOMP: usercomp initialized.
2014-01-15 16:56:07 - PARSER: messageparser initialized.
2014-01-15 16:56:16 - LOGGER: Logging initialized.
2014-01-15 16:56:16 - AUTH: auth initialized.
2014-01-15 16:56:16 - USERDB: userdb initialized.
2014-01-15 16:56:16 - USERCOMP: usercomp initialized.
2014-01-15 16:56:16 - PARSER: messageparser initialized.
2014-01-15 17:06:32 - LOGGER: Logging initialized.
2014-01-15 17:06:32 - AUTH: auth initialized.
2014-01-15 17:06:32 - USERDB: userdb initialized.
2014-01-15 17:06:32 - DATADB: datadb initialized.
2014-01-15 17:06:32 - USERCOMP: usercomp initialized.
2014-01-15 17:06:32 - PARSER: messageparser initialized.
2014-01-15 17:06:40 - LOGGER: Logging initialized.
2014-01-15 17:06:40 - AUTH: auth initialized.
2014-01-15 17:06:40 - USERDB: userdb initialized.
2014-01-15 17:06:40 - DATADB: datadb initialized.
2014-01-15 17:06:40 - USERCOMP: usercomp initialized.
2014-01-15 17:06:40 - PARSER: messageparser initialized.
2014-01-15 17:07:38 - LOGGER: Logging initialized.
2014-01-15 17:07:38 - AUTH: auth initialized.
2014-01-15 17:07:38 - USERDB: userdb initialized.
2014-01-15 17:07:38 - DATADB: datadb initialized.
2014-01-15 17:07:38 - USERCOMP: usercomp initialized.
2014-01-15 17:07:38 - PARSER: messageparser initialized.
2014-01-15 17:09:18 - LOGGER: Logging initialized.
2014-01-15 17:09:18 - AUTH: auth initialized.
2014-01-15 17:09:18 - USERDB: userdb initialized.
2014-01-15 17:09:18 - DATADB: datadb initialized.
2014-01-15 17:09:18 - USERCOMP: usercomp initialized.
2014-01-15 17:09:18 - PARSER: messageparser initialized.
2014-01-15 17:09:45 - LOGGER: Logging initialized.
2014-01-15 17:09:45 - AUTH: auth initialized.
2014-01-15 17:09:45 - USERDB: userdb initialized.
2014-01-15 17:09:45 - DATADB: datadb initialized.
2014-01-15 17:09:45 - USERCOMP: usercomp initialized.
2014-01-15 17:09:45 - PARSER: messageparser initialized.
2014-01-15 17:11:24 - LOGGER: Logging initialized.
2014-01-15 17:11:24 - AUTH: auth initialized.
2014-01-15 17:11:25 - USERDB: userdb initialized.
2014-01-15 17:11:25 - DATADB: datadb initialized.
2014-01-15 17:11:25 - USERCOMP: usercomp initialized.
2014-01-15 17:11:25 - PARSER: messageparser initialized.
2014-01-15 17:12:37 - LOGGER: Logging initialized.
2014-01-15 17:12:37 - AUTH: auth initialized.
2014-01-15 17:12:37 - USERDB: userdb initialized.
2014-01-15 17:12:37 - DATADB: datadb initialized.
2014-01-15 17:12:37 - USERCOMP: usercomp initialized.
2014-01-15 17:12:37 - PARSER: messageparser initialized.
2014-01-15 17:28:11 - LOGGER: Logging initialized.
2014-01-15 17:28:11 - AUTH: auth initialized.
2014-01-15 17:28:11 - USERDB: userdb initialized.
2014-01-15 17:28:11 - DATADB: datadb initialized.
2014-01-15 17:28:11 - USERCOMP: usercomp initialized.
2014-01-15 17:28:11 - PARSER: messageparser initialized.
2014-01-15 17:28:22 - LOGGER: Logging initialized.
2014-01-15 17:28:22 - AUTH: auth initialized.
2014-01-15 17:28:23 - USERDB: userdb initialized.
2014-01-15 17:28:23 - DATADB: datadb initialized.
2014-01-15 17:28:23 - USERCOMP: usercomp initialized.
2014-01-15 17:28:23 - PARSER: messageparser initialized.
2014-01-15 19:05:59 - LOGGER: Logging initialized.
2014-01-15 19:05:59 - AUTH: auth initialized.
2014-01-15 19:06:00 - USERDB: userdb initialized.
2014-01-15 19:06:00 - DATADB: datadb initialized.
2014-01-15 19:06:00 - USERCOMP: usercomp initialized.
2014-01-15 19:06:00 - PARSER: messageparser initialized.
2014-01-15 19:10:18 - LOGGER: Logging initialized.
2014-01-15 19:10:18 - AUTH: auth initialized.
2014-01-15 19:10:18 - USERDB: userdb initialized.
2014-01-15 19:10:18 - DATADB: datadb initialized.
2014-01-15 19:10:18 - USERCOMP: usercomp initialized.
2014-01-15 19:10:18 - PARSER: messageparser initialized.
2014-01-15 19:10:24 - LOGGER: Logging initialized.
2014-01-15 19:10:24 - AUTH: auth initialized.
2014-01-15 19:10:24 - USERDB: userdb initialized.
2014-01-15 19:10:24 - DATADB: datadb initialized.
2014-01-15 19:10:24 - USERCOMP: usercomp initialized.
2014-01-15 19:10:24 - PARSER: messageparser initialized.
2014-01-15 19:18:04 - LOGGER: Logging initialized.
2014-01-15 19:18:04 - AUTH: auth initialized.
2014-01-15 19:18:04 - USERDB: userdb initialized.
2014-01-15 19:18:04 - DATADB: datadb initialized.
2014-01-15 19:18:04 - USERCOMP: usercomp initialized.
2014-01-15 19:18:04 - PARSER: messageparser initialized.
2014-01-15 19:22:11 - LOGGER: Logging initialized.
2014-01-15 19:22:11 - AUTH: auth initialized.
2014-01-15 19:22:11 - USERDB: userdb initialized.
2014-01-15 19:22:11 - DATADB: datadb initialized.
2014-01-15 19:22:11 - USERCOMP: usercomp initialized.
2014-01-15 19:22:11 - PARSER: messageparser initialized.
2014-01-15 19:23:26 - LOGGER: Logging initialized.
2014-01-15 19:23:26 - AUTH: auth initialized.
2014-01-15 19:23:26 - USERDB: userdb initialized.
2014-01-15 19:23:26 - DATADB: datadb initialized.
2014-01-15 19:23:26 - USERCOMP: usercomp initialized.
2014-01-15 19:23:26 - PARSER: messageparser initialized.
2014-01-15 19:24:51 - LOGGER: Logging initialized.
2014-01-15 19:24:51 - AUTH: auth initialized.
2014-01-15 19:24:51 - USERDB: userdb initialized.
2014-01-15 19:24:51 - DATADB: datadb initialized.
2014-01-15 19:24:51 - USERCOMP: usercomp initialized.
2014-01-15 19:24:51 - PARSER: messageparser initialized.
2014-01-15 19:53:01 - LOGGER: Logging initialized.
2014-01-15 19:53:01 - AUTH: auth initialized.
2014-01-15 19:53:01 - USERDB: userdb initialized.
2014-01-15 19:53:01 - DATADB: datadb initialized.
2014-01-15 19:53:01 - USERCOMP: usercomp initialized.
2014-01-15 19:53:01 - PARSER: messageparser initialized.
2014-01-15 19:53:19 - SERVER: Websocket connection opened.
2014-01-15 19:53:19 - USER: User instantiated.
2014-01-15 19:55:38 - LOGGER: Logging initialized.
2014-01-15 19:55:38 - AUTH: auth initialized.
2014-01-15 19:55:38 - USERDB: userdb initialized.
2014-01-15 19:55:38 - DATADB: datadb initialized.
2014-01-15 19:55:38 - USERCOMP: usercomp initialized.
2014-01-15 19:55:38 - PARSER: messageparser initialized.
2014-01-15 19:55:58 - LOGGER: Logging initialized.
2014-01-15 19:55:58 - AUTH: auth initialized.
2014-01-15 19:55:58 - USERDB: userdb initialized.
2014-01-15 19:55:58 - DATADB: datadb initialized.
2014-01-15 19:55:58 - USERCOMP: usercomp initialized.
2014-01-15 19:55:58 - PARSER: messageparser initialized.
2014-01-15 19:56:19 - LOGGER: Logging initialized.
2014-01-15 19:56:19 - AUTH: auth initialized.
2014-01-15 19:56:19 - USERDB: userdb initialized.
2014-01-15 19:56:19 - DATADB: datadb initialized.
2014-01-15 19:56:19 - USERCOMP: usercomp initialized.
2014-01-15 19:56:19 - PARSER: messageparser initialized.
2014-01-15 19:56:25 - LOGGER: Logging initialized.
2014-01-15 19:56:25 - AUTH: auth initialized.
2014-01-15 19:56:25 - USERDB: userdb initialized.
2014-01-15 19:56:25 - DATADB: datadb initialized.
2014-01-15 19:56:25 - USERCOMP: usercomp initialized.
2014-01-15 19:56:25 - PARSER: messageparser initialized.
2014-01-15 19:56:57 - SERVER: Websocket connection opened.
2014-01-15 19:56:57 - USER: User instantiated.
2014-01-15 19:58:39 - LOGGER: Logging initialized.
2014-01-15 19:58:39 - AUTH: auth initialized.
2014-01-15 19:58:39 - USERDB: userdb initialized.
2014-01-15 19:58:39 - DATADB: datadb initialized.
2014-01-15 19:58:39 - USERCOMP: usercomp initialized.
2014-01-15 19:58:39 - PARSER: messageparser initialized.
2014-01-15 19:58:45 - LOGGER: Logging initialized.
2014-01-15 19:58:45 - AUTH: auth initialized.
2014-01-15 19:58:45 - USERDB: userdb initialized.
2014-01-15 19:58:45 - DATADB: datadb initialized.
2014-01-15 19:58:45 - USERCOMP: usercomp initialized.
2014-01-15 19:58:45 - PARSER: messageparser initialized.
2014-01-15 19:58:58 - LOGGER: Logging initialized.
2014-01-15 19:58:58 - AUTH: auth initialized.
2014-01-15 19:58:58 - USERDB: userdb initialized.
2014-01-15 19:58:58 - DATADB: datadb initialized.
2014-01-15 19:58:58 - USERCOMP: usercomp initialized.
2014-01-15 19:58:58 - PARSER: messageparser initialized.
2014-01-15 19:59:03 - SERVER: Websocket connection opened.
2014-01-15 19:59:03 - USER: User instantiated.
2014-01-15 19:59:48 - LOGGER: Logging initialized.
2014-01-15 19:59:48 - AUTH: auth initialized.
2014-01-15 19:59:48 - USERDB: userdb initialized.
2014-01-15 19:59:48 - DATADB: datadb initialized.
2014-01-15 19:59:48 - USERCOMP: usercomp initialized.
2014-01-15 19:59:48 - PARSER: messageparser initialized.
2014-01-15 19:59:52 - LOGGER: Logging initialized.
2014-01-15 19:59:52 - AUTH: auth initialized.
2014-01-15 19:59:52 - USERDB: userdb initialized.
2014-01-15 19:59:52 - DATADB: datadb initialized.
2014-01-15 19:59:52 - USERCOMP: usercomp initialized.
2014-01-15 19:59:52 - PARSER: messageparser initialized.
2014-01-15 20:00:36 - LOGGER: Logging initialized.
2014-01-15 20:00:36 - AUTH: auth initialized.
2014-01-15 20:00:36 - USERDB: userdb initialized.
2014-01-15 20:00:36 - DATADB: datadb initialized.
2014-01-15 20:00:36 - USERCOMP: usercomp initialized.
2014-01-15 20:00:36 - PARSER: messageparser initialized.
2014-01-15 20:00:40 - SERVER: Websocket connection opened.
2014-01-15 20:00:40 - USER: User instantiated.
2014-01-15 20:06:10 - LOGGER: Logging initialized.
2014-01-15 20:06:10 - AUTH: auth initialized.
2014-01-15 20:06:10 - USERDB: userdb initialized.
2014-01-15 20:06:10 - DATADB: datadb initialized.
2014-01-15 20:06:10 - USERCOMP: usercomp initialized.
2014-01-15 20:06:10 - PARSER: messageparser initialized.
2014-01-15 20:06:14 - SERVER: Websocket connection opened.
2014-01-15 20:06:14 - USER: User instantiated.
2014-01-15 20:06:16 - SERVER: Websocket connection closed.
2014-01-15 20:06:42 - LOGGER: Logging initialized.
2014-01-15 20:06:42 - AUTH: auth initialized.
2014-01-15 20:06:42 - USERDB: userdb initialized.
2014-01-15 20:06:42 - DATADB: datadb initialized.
2014-01-15 20:06:42 - USERCOMP: usercomp initialized.
2014-01-15 20:06:42 - PARSER: messageparser initialized.
2014-01-15 20:06:50 - LOGGER: Logging initialized.
2014-01-15 20:06:50 - AUTH: auth initialized.
2014-01-15 20:06:50 - USERDB: userdb initialized.
2014-01-15 20:06:50 - DATADB: datadb initialized.
2014-01-15 20:06:50 - USERCOMP: usercomp initialized.
2014-01-15 20:06:50 - PARSER: messageparser initialized.
2014-01-15 20:06:54 - SERVER: Websocket connection opened.
2014-01-15 20:06:54 - USER: User instantiated.
2014-01-15 20:06:55 - SERVER: Websocket connection closed.
2014-01-15 20:07:46 - LOGGER: Logging initialized.
2014-01-15 20:07:46 - AUTH: auth initialized.
2014-01-15 20:07:46 - USERDB: userdb initialized.
2014-01-15 20:07:46 - DATADB: datadb initialized.
2014-01-15 20:07:46 - USERCOMP: usercomp initialized.
2014-01-15 20:07:46 - PARSER: messageparser initialized.
2014-01-15 20:07:50 - SERVER: Websocket connection opened.
2014-01-15 20:07:50 - USER: User instantiated.
2014-01-15 20:16:10 - LOGGER: Logging initialized.
2014-01-15 20:16:10 - AUTH: auth initialized.
2014-01-15 20:16:10 - USERDB: userdb initialized.
2014-01-15 20:16:10 - DATADB: datadb initialized.
2014-01-15 20:16:10 - USERCOMP: usercomp initialized.
2014-01-15 20:16:10 - PARSER: messageparser initialized.
2014-01-15 20:16:15 - SERVER: Websocket connection opened.
2014-01-15 20:16:15 - USER: User instantiated.
2014-01-15 20:20:18 - LOGGER: Logging initialized.
2014-01-15 20:20:18 - AUTH: auth initialized.
2014-01-15 20:20:18 - USERDB: userdb initialized.
2014-01-15 20:20:18 - DATADB: datadb initialized.
2014-01-15 20:20:18 - USERCOMP: usercomp initialized.
2014-01-15 20:20:18 - PARSER: messageparser initialized.
2014-01-15 20:20:26 - SERVER: Websocket connection opened.
2014-01-15 20:20:26 - USER: User instantiated.
2014-01-15 20:23:28 - LOGGER: Logging initialized.
2014-01-15 20:23:28 - AUTH: auth initialized.
2014-01-15 20:23:28 - USERDB: userdb initialized.
2014-01-15 20:23:28 - DATADB: datadb initialized.
2014-01-15 20:23:28 - USERCOMP: usercomp initialized.
2014-01-15 20:23:28 - PARSER: messageparser initialized.
2014-01-15 20:23:34 - SERVER: Websocket connection opened.
2014-01-15 20:23:34 - USER: User instantiated.
2014-01-15 20:32:55 - LOGGER: Logging initialized.
2014-01-15 20:32:55 - AUTH: auth initialized.
2014-01-15 20:32:55 - USERDB: userdb initialized.
2014-01-15 20:32:55 - DATADB: datadb initialized.
2014-01-15 20:32:55 - USERCOMP: usercomp initialized.
2014-01-15 20:32:55 - PARSER: messageparser initialized.
2014-01-15 20:32:58 - SERVER: Websocket connection opened.
2014-01-15 20:32:58 - USER: User instantiated.
2014-01-15 20:37:15 - LOGGER: Logging initialized.
2014-01-15 20:37:15 - AUTH: auth initialized.
2014-01-15 20:37:15 - USERDB: userdb initialized.
2014-01-15 20:37:15 - DATADB: datadb initialized.
2014-01-15 20:37:15 - USERCOMP: usercomp initialized.
2014-01-15 20:37:15 - PARSER: messageparser initialized.
2014-01-15 20:37:19 - SERVER: Websocket connection opened.
2014-01-15 20:37:19 - USER: User instantiated.
2014-01-15 20:38:07 - LOGGER: Logging initialized.
2014-01-15 20:38:07 - AUTH: auth initialized.
2014-01-15 20:38:07 - USERDB: userdb initialized.
2014-01-15 20:38:07 - DATADB: datadb initialized.
2014-01-15 20:38:07 - USERCOMP: usercomp initialized.
2014-01-15 20:38:07 - PARSER: messageparser initialized.
2014-01-15 20:38:11 - SERVER: Websocket connection opened.
2014-01-15 20:38:11 - USER: User instantiated.
2014-01-15 20:40:34 - LOGGER: Logging initialized.
2014-01-15 20:40:34 - AUTH: auth initialized.
2014-01-15 20:40:34 - USERDB: userdb initialized.
2014-01-15 20:40:34 - DATADB: datadb initialized.
2014-01-15 20:40:34 - USERCOMP: usercomp initialized.
2014-01-15 20:40:34 - PARSER: messageparser initialized.
2014-01-15 20:40:38 - SERVER: Websocket connection opened.
2014-01-15 20:40:38 - USER: User instantiated.
2014-01-15 20:42:42 - LOGGER: Logging initialized.
2014-01-15 20:42:42 - AUTH: auth initialized.
2014-01-15 20:42:42 - USERDB: userdb initialized.
2014-01-15 20:42:42 - DATADB: datadb initialized.
2014-01-15 20:42:42 - USERCOMP: usercomp initialized.
2014-01-15 20:42:42 - PARSER: messageparser initialized.
2014-01-15 20:42:47 - SERVER: Websocket connection opened.
2014-01-15 20:42:47 - USER: User instantiated.
2014-01-15 20:48:41 - LOGGER: Logging initialized.
2014-01-15 20:48:41 - AUTH: auth initialized.
2014-01-15 20:48:41 - USERDB: userdb initialized.
2014-01-15 20:48:41 - DATADB: datadb initialized.
2014-01-15 20:48:41 - USERCOMP: usercomp initialized.
2014-01-15 20:48:41 - PARSER: messageparser initialized.
2014-01-15 20:48:56 - SERVER: Websocket connection opened.
2014-01-15 20:48:56 - USER: User instantiated.
2014-01-15 20:49:00 - SERVER: Websocket connection closed.
2014-01-15 20:49:14 - LOGGER: Logging initialized.
2014-01-15 20:49:14 - AUTH: auth initialized.
2014-01-15 20:49:14 - USERDB: userdb initialized.
2014-01-15 20:49:14 - DATADB: datadb initialized.
2014-01-15 20:49:14 - USERCOMP: usercomp initialized.
2014-01-15 20:49:14 - PARSER: messageparser initialized.
2014-01-15 20:49:18 - SERVER: Websocket connection opened.
2014-01-15 20:49:18 - USER: User instantiated.
2014-01-15 20:54:23 - LOGGER: Logging initialized.
2014-01-15 20:54:23 - AUTH: auth initialized.
2014-01-15 20:54:23 - USERDB: userdb initialized.
2014-01-15 20:54:23 - DATADB: datadb initialized.
2014-01-15 20:54:23 - USERCOMP: usercomp initialized.
2014-01-15 20:54:23 - PARSER: messageparser initialized.
2014-01-15 20:54:31 - SERVER: Websocket connection opened.
2014-01-15 20:54:31 - USER: User instantiated.
